{
  "RSpec": {
    "coverage": {
      "/home/shadbox/test_task/weather_forecast/app/models/user.rb": {
        "lines": [
          null,
          null,
          1,
          null,
          null,
          1,
          null,
          null
        ]
      },
      "/home/shadbox/test_task/weather_forecast/app/models/application_record.rb": {
        "lines": [
          null,
          null,
          1,
          1,
          null
        ]
      },
      "/home/shadbox/test_task/weather_forecast/app/helpers/application_helper.rb": {
        "lines": [
          null,
          null,
          1,
          null
        ]
      },
      "/home/shadbox/test_task/weather_forecast/app/helpers/weather_helper.rb": {
        "lines": [
          null,
          null,
          1,
          null
        ]
      },
      "/home/shadbox/test_task/weather_forecast/app/controllers/weather_controller.rb": {
        "lines": [
          null,
          null,
          1,
          1,
          5,
          5,
          3,
          3,
          null,
          1,
          null,
          1,
          null,
          null
        ]
      },
      "/home/shadbox/test_task/weather_forecast/app/controllers/application_controller.rb": {
        "lines": [
          null,
          null,
          1,
          1,
          null
        ]
      },
      "/home/shadbox/test_task/weather_forecast/app/jobs/application_job.rb": {
        "lines": [
          null,
          null,
          1,
          null,
          null,
          null,
          null,
          null,
          null
        ]
      },
      "/home/shadbox/test_task/weather_forecast/app/mailers/application_mailer.rb": {
        "lines": [
          null,
          null,
          1,
          1,
          1,
          null
        ]
      },
      "/home/shadbox/test_task/weather_forecast/app/services/ip_location_service.rb": {
        "lines": [
          null,
          null,
          1,
          null,
          1,
          1,
          1,
          1,
          null,
          1,
          1,
          12,
          12,
          null,
          9,
          9,
          null,
          8,
          null,
          null,
          1,
          null,
          1,
          12,
          null,
          null,
          1,
          9,
          null,
          null,
          1,
          9,
          null,
          null,
          1,
          1,
          null,
          null,
          1,
          8,
          7,
          5,
          null,
          5,
          5,
          null,
          3,
          3,
          null,
          null,
          1,
          1,
          null,
          null,
          1,
          7,
          null,
          6,
          null,
          null,
          1,
          5,
          null,
          4,
          null,
          null,
          null
        ]
      },
      "/home/shadbox/test_task/weather_forecast/app/services/weather_api_service.rb": {
        "lines": [
          null,
          null,
          null,
          1,
          1,
          null,
          1,
          1,
          1,
          1,
          1,
          1,
          1,
          null,
          1,
          1,
          4,
          3,
          1,
          null,
          3,
          3,
          null,
          null,
          1,
          null,
          1,
          1,
          null,
          null,
          null,
          null,
          null,
          1,
          3,
          null,
          2,
          2,
          null,
          1,
          null,
          null,
          1,
          1,
          1,
          1,
          null,
          null,
          1,
          null,
          null,
          null,
          null,
          null,
          null,
          null,
          null,
          null,
          null,
          null,
          1,
          null,
          1,
          null,
          null,
          null,
          null,
          null,
          null,
          null,
          1,
          1,
          3,
          3,
          null,
          null,
          1,
          1,
          1,
          2,
          2,
          null,
          2,
          null,
          null,
          null,
          null,
          null,
          2,
          null,
          1,
          null,
          null,
          1,
          3,
          null,
          null,
          null
        ]
      },
      "/home/shadbox/test_task/weather_forecast/app/services/weather_fetcher.rb": {
        "lines": [
          null,
          null,
          1,
          null,
          1,
          null,
          null,
          1,
          null,
          1,
          null,
          1,
          14,
          14,
          null,
          null,
          1,
          9,
          9,
          null,
          8,
          8,
          8,
          4,
          4,
          null,
          4,
          4,
          null,
          null,
          8,
          null,
          null,
          1,
          null,
          1,
          12,
          3,
          9,
          3,
          null,
          6,
          null,
          null,
          null,
          1,
          14,
          null,
          null,
          1,
          13,
          null,
          null,
          1,
          9,
          null,
          null,
          1,
          5,
          null,
          null,
          null,
          null,
          null,
          null
        ]
      },
      "/home/shadbox/test_task/weather_forecast/app/services/zip_location_service.rb": {
        "lines": [
          null,
          null,
          null,
          1,
          null,
          1,
          1,
          1,
          null,
          1,
          1,
          null,
          1,
          1,
          9,
          9,
          null,
          7,
          7,
          null,
          5,
          null,
          null,
          1,
          null,
          1,
          9,
          null,
          null,
          1,
          9,
          null,
          null,
          1,
          2,
          null,
          null,
          1,
          7,
          null,
          null,
          1,
          7,
          null,
          null,
          1,
          2,
          null,
          null,
          1,
          5,
          5,
          3,
          null,
          2,
          2,
          null,
          3,
          3,
          null,
          null,
          1,
          2,
          2,
          null,
          null,
          1,
          5,
          null,
          4,
          4,
          null,
          3,
          null,
          null,
          1,
          3,
          3,
          3,
          3,
          null,
          2,
          null,
          null,
          null
        ]
      }
    },
    "timestamp": 1746715164
  }
}
